
> chatbot@3.1.0 dev /app
> next dev --turbo

▲ Next.js 16.2.3 (Turbopack)
- Local:         http://localhost:3000
- Network:       http://192.168.0.2:3000
✓ Ready in 682ms
- Cache Components enabled
- Experiments (use with caution):
  ✓ appNewScrollHandler
  ✓ cachedNavigations
  ✓ inlineCss
  ✓ prefetchInlining

[31m[auth][error][0m CallbackRouteError: Read more at https://errors.authjs.dev#callbackrouteerror
[31m[auth][cause][0m: Error: An error occurred while executing a database query.
    at createGuestUser (/app/.next/dev/server/chunks/[root-of-the-server]__0vr43ku._.js:604:15)
    at process.processTicksAndRejections (node:internal/process/task_queues:103:5)
    at async Object.authorize (/app/.next/dev/server/chunks/[root-of-the-server]__0vr43ku._.js:969:37)
    at async Module.callback (/app/.next/dev/server/chunks/0i2c_@auth_core_0~nf75n._.js:4307:39)
    at async AuthInternal (/app/.next/dev/server/chunks/0i2c_@auth_core_0~nf75n._.js:5148:24)
    at async Auth (/app/.next/dev/server/chunks/0i2c_@auth_core_0~nf75n._.js:5370:34)
    at async signIn (/app/.next/dev/server/chunks/node_modules__pnpm_0g~88cx._.js:419:17)
    at async AppRouteRouteModule.do (/app/node_modules/.pnpm/next@16.2.3_@opentelemetry+api@1.9.0_@playwright+test@1.51.0_babel-plugin-react-compile_eeda05ee348846359248b80b7628248a/node_modules/next/dist/compiled/next-server/app-route-turbo.runtime.dev.js:5:40115)
    at async AppRouteRouteModule.handle (/app/node_modules/.pnpm/next@16.2.3_@opentelemetry+api@1.9.0_@playwright+test@1.51.0_babel-plugin-react-compile_eeda05ee348846359248b80b7628248a/node_modules/next/dist/compiled/next-server/app-route-turbo.runtime.dev.js:5:47321)
    at async responseGenerator (/app/.next/dev/server/chunks/0054_next_0pn8go4._.js:18297:38)
    at async AppRouteRouteModule.handleResponse (/app/node_modules/.pnpm/next@16.2.3_@opentelemetry+api@1.9.0_@playwright+test@1.51.0_babel-plugin-react-compile_eeda05ee348846359248b80b7628248a/node_modules/next/dist/compiled/next-server/app-route-turbo.runtime.dev.js:1:227216)
    at async handleResponse (/app/.next/dev/server/chunks/0054_next_0pn8go4._.js:18360:32)
    at async Module.handler (/app/.next/dev/server/chunks/0054_next_0pn8go4._.js:18411:13)
    at async DevServer.renderToResponseWithComponentsImpl (/app/node_modules/.pnpm/next@16.2.3_@opentelemetry+api@1.9.0_@playwright+test@1.51.0_babel-plugin-react-compile_eeda05ee348846359248b80b7628248a/node_modules/next/dist/server/base-server.js:1454:9)
    at async DevServer.renderPageComponent (/app/node_modules/.pnpm/next@16.2.3_@opentelemetry+api@1.9.0_@playwright+test@1.51.0_babel-plugin-react-compile_eeda05ee348846359248b80b7628248a/node_modules/next/dist/server/base-server.js:1506:24)
    at async DevServer.renderToResponseImpl (/app/node_modules/.pnpm/next@16.2.3_@opentelemetry+api@1.9.0_@playwright+test@1.51.0_babel-plugin-react-compile_eeda05ee348846359248b80b7628248a/node_modules/next/dist/server/base-server.js:1556:32)
    at async DevServer.pipeImpl (/app/node_modules/.pnpm/next@16.2.3_@opentelemetry+api@1.9.0_@playwright+test@1.51.0_babel-plugin-react-compile_eeda05ee348846359248b80b7628248a/node_modules/next/dist/server/base-server.js:1043:25)
    at async NextNodeServer.handleCatchallRenderRequest (/app/node_modules/.pnpm/next@16.2.3_@opentelemetry+api@1.9.0_@playwright+test@1.51.0_babel-plugin-react-compile_eeda05ee348846359248b80b7628248a/node_modules/next/dist/server/next-server.js:338:17)
    at async DevServer.handleRequestImpl (/app/node_modules/.pnpm/next@16.2.3_@opentelemetry+api@1.9.0_@playwright+test@1.51.0_babel-plugin-react-compile_eeda05ee348846359248b80b7628248a/node_modules/next/dist/server/base-server.js:934:17)
    at async /app/node_modules/.pnpm/next@16.2.3_@opentelemetry+api@1.9.0_@playwright+test@1.51.0_babel-plugin-react-compile_eeda05ee348846359248b80b7628248a/node_modules/next/dist/server/dev/next-dev-server.js:394:20
    at async Span.traceAsyncFn (/app/node_modules/.pnpm/next@16.2.3_@opentelemetry+api@1.9.0_@playwright+test@1.51.0_babel-plugin-react-compile_eeda05ee348846359248b80b7628248a/node_modules/next/dist/trace/trace.js:164:20)
    at async DevServer.handleRequest (/app/node_modules/.pnpm/next@16.2.3_@opentelemetry+api@1.9.0_@playwright+test@1.51.0_babel-plugin-react-compile_eeda05ee348846359248b80b7628248a/node_modules/next/dist/server/dev/next-dev-server.js:390:24)
    at async invokeRender (/app/node_modules/.pnpm/next@16.2.3_@opentelemetry+api@1.9.0_@playwright+test@1.51.0_babel-plugin-react-compile_eeda05ee348846359248b80b7628248a/node_modules/next/dist/server/lib/router-server.js:266:21)
    at async handleRequest (/app/node_modules/.pnpm/next@16.2.3_@opentelemetry+api@1.9.0_@playwright+test@1.51.0_babel-plugin-react-compile_eeda05ee348846359248b80b7628248a/node_modules/next/dist/server/lib/router-server.js:465:24)
    at async requestHandlerImpl (/app/node_modules/.pnpm/next@16.2.3_@opentelemetry+api@1.9.0_@playwright+test@1.51.0_babel-plugin-react-compile_eeda05ee348846359248b80b7628248a/node_modules/next/dist/server/lib/router-server.js:514:13)
    at async Server.requestListener (/app/node_modules/.pnpm/next@16.2.3_@opentelemetry+api@1.9.0_@playwright+test@1.51.0_babel-plugin-react-compile_eeda05ee348846359248b80b7628248a/node_modules/next/dist/server/lib/start-server.js:225:13)
[31m[auth][details][0m: {
  "0": "F",
  "1": "a",
  "2": "i",
  "3": "l",
  "4": "e",
  "5": "d",
  "6": " ",
  "7": "t",
  "8": "o",
  "9": " ",
  "10": "c",
  "11": "r",
  "12": "e",
  "13": "a",
  "14": "t",
  "15": "e",
  "16": " ",
  "17": "g",
  "18": "u",
  "19": "e",
  "20": "s",
  "21": "t",
  "22": " ",
  "23": "u",
  "24": "s",
  "25": "e",
  "26": "r",
  "provider": "guest"
}
⨯ Error [CallbackRouteError]: Read more at https://errors.authjs.dev#callbackrouteerror
    at ignore-listed frames {
  type: 'CallbackRouteError',
  kind: 'error',
  [cause]: {
    '0': 'F',
    '1': 'a',
    '2': 'i',
    '3': 'l',
    '4': 'e',
    '5': 'd',
    '6': ' ',
    '7': 't',
    '8': 'o',
    '9': ' ',
    '10': 'c',
    '11': 'r',
    '12': 'e',
    '13': 'a',
    '14': 't',
    '15': 'e',
    '16': ' ',
    '17': 'g',
    '18': 'u',
    '19': 'e',
    '20': 's',
    '21': 't',
    '22': ' ',
    '23': 'u',
    '24': 's',
    '25': 'e',
    '26': 'r',
    err: Error: An error occurred while executing a database query.
        at createGuestUser (lib/db/queries.ts:70:11)
        at async Object.authorize (app/(auth)/auth.ts:76:29)
      68 |     });
      69 |   } catch (_error) {
    > 70 |     throw new ChatbotError(
         |           ^
      71 |       "bad_request:database",
      72 |       "Failed to create guest user"
      73 |     ); {
      type: 'bad_request',
      surface: 'database',
      statusCode: 400,
      [cause]: 'Failed to create guest user'
    },
    provider: 'guest'
  }
}
[31m[auth][error][0m CallbackRouteError: Read more at https://errors.authjs.dev#callbackrouteerror
[31m[auth][cause][0m: Error: An error occurred while executing a database query.
    at createGuestUser (/app/.next/dev/server/chunks/[root-of-the-server]__0vr43ku._.js:604:15)
    at process.processTicksAndRejections (node:internal/process/task_queues:103:5)
    at async Object.authorize (/app/.next/dev/server/chunks/[root-of-the-server]__0vr43ku._.js:969:37)
    at async Module.callback (/app/.next/dev/server/chunks/0i2c_@auth_core_0~nf75n._.js:4307:39)
    at async AuthInternal (/app/.next/dev/server/chunks/0i2c_@auth_core_0~nf75n._.js:5148:24)
    at async Auth (/app/.next/dev/server/chunks/0i2c_@auth_core_0~nf75n._.js:5370:34)
    at async signIn (/app/.next/dev/server/chunks/node_modules__pnpm_0g~88cx._.js:419:17)
    at async AppRouteRouteModule.do (/app/node_modules/.pnpm/next@16.2.3_@opentelemetry+api@1.9.0_@playwright+test@1.51.0_babel-plugin-react-compile_eeda05ee348846359248b80b7628248a/node_modules/next/dist/compiled/next-server/app-route-turbo.runtime.dev.js:5:40115)
    at async AppRouteRouteModule.handle (/app/node_modules/.pnpm/next@16.2.3_@opentelemetry+api@1.9.0_@playwright+test@1.51.0_babel-plugin-react-compile_eeda05ee348846359248b80b7628248a/node_modules/next/dist/compiled/next-server/app-route-turbo.runtime.dev.js:5:47321)
    at async responseGenerator (/app/.next/dev/server/chunks/0054_next_0pn8go4._.js:18297:38)
    at async AppRouteRouteModule.handleResponse (/app/node_modules/.pnpm/next@16.2.3_@opentelemetry+api@1.9.0_@playwright+test@1.51.0_babel-plugin-react-compile_eeda05ee348846359248b80b7628248a/node_modules/next/dist/compiled/next-server/app-route-turbo.runtime.dev.js:1:227216)
    at async handleResponse (/app/.next/dev/server/chunks/0054_next_0pn8go4._.js:18360:32)
    at async Module.handler (/app/.next/dev/server/chunks/0054_next_0pn8go4._.js:18411:13)
    at async DevServer.renderToResponseWithComponentsImpl (/app/node_modules/.pnpm/next@16.2.3_@opentelemetry+api@1.9.0_@playwright+test@1.51.0_babel-plugin-react-compile_eeda05ee348846359248b80b7628248a/node_modules/next/dist/server/base-server.js:1454:9)
    at async DevServer.renderPageComponent (/app/node_modules/.pnpm/next@16.2.3_@opentelemetry+api@1.9.0_@playwright+test@1.51.0_babel-plugin-react-compile_eeda05ee348846359248b80b7628248a/node_modules/next/dist/server/base-server.js:1506:24)
    at async DevServer.renderToResponseImpl (/app/node_modules/.pnpm/next@16.2.3_@opentelemetry+api@1.9.0_@playwright+test@1.51.0_babel-plugin-react-compile_eeda05ee348846359248b80b7628248a/node_modules/next/dist/server/base-server.js:1556:32)
    at async DevServer.pipeImpl (/app/node_modules/.pnpm/next@16.2.3_@opentelemetry+api@1.9.0_@playwright+test@1.51.0_babel-plugin-react-compile_eeda05ee348846359248b80b7628248a/node_modules/next/dist/server/base-server.js:1043:25)
    at async NextNodeServer.handleCatchallRenderRequest (/app/node_modules/.pnpm/next@16.2.3_@opentelemetry+api@1.9.0_@playwright+test@1.51.0_babel-plugin-react-compile_eeda05ee348846359248b80b7628248a/node_modules/next/dist/server/next-server.js:338:17)
    at async DevServer.handleRequestImpl (/app/node_modules/.pnpm/next@16.2.3_@opentelemetry+api@1.9.0_@playwright+test@1.51.0_babel-plugin-react-compile_eeda05ee348846359248b80b7628248a/node_modules/next/dist/server/base-server.js:934:17)
    at async /app/node_modules/.pnpm/next@16.2.3_@opentelemetry+api@1.9.0_@playwright+test@1.51.0_babel-plugin-react-compile_eeda05ee348846359248b80b7628248a/node_modules/next/dist/server/dev/next-dev-server.js:394:20
    at async Span.traceAsyncFn (/app/node_modules/.pnpm/next@16.2.3_@opentelemetry+api@1.9.0_@playwright+test@1.51.0_babel-plugin-react-compile_eeda05ee348846359248b80b7628248a/node_modules/next/dist/trace/trace.js:164:20)
    at async DevServer.handleRequest (/app/node_modules/.pnpm/next@16.2.3_@opentelemetry+api@1.9.0_@playwright+test@1.51.0_babel-plugin-react-compile_eeda05ee348846359248b80b7628248a/node_modules/next/dist/server/dev/next-dev-server.js:390:24)
    at async invokeRender (/app/node_modules/.pnpm/next@16.2.3_@opentelemetry+api@1.9.0_@playwright+test@1.51.0_babel-plugin-react-compile_eeda05ee348846359248b80b7628248a/node_modules/next/dist/server/lib/router-server.js:266:21)
    at async handleRequest (/app/node_modules/.pnpm/next@16.2.3_@opentelemetry+api@1.9.0_@playwright+test@1.51.0_babel-plugin-react-compile_eeda05ee348846359248b80b7628248a/node_modules/next/dist/server/lib/router-server.js:465:24)
    at async requestHandlerImpl (/app/node_modules/.pnpm/next@16.2.3_@opentelemetry+api@1.9.0_@playwright+test@1.51.0_babel-plugin-react-compile_eeda05ee348846359248b80b7628248a/node_modules/next/dist/server/lib/router-server.js:514:13)
    at async Server.requestListener (/app/node_modules/.pnpm/next@16.2.3_@opentelemetry+api@1.9.0_@playwright+test@1.51.0_babel-plugin-react-compile_eeda05ee348846359248b80b7628248a/node_modules/next/dist/server/lib/start-server.js:225:13)
[31m[auth][details][0m: {
  "0": "F",
  "1": "a",
  "2": "i",
  "3": "l",
  "4": "e",
  "5": "d",
  "6": " ",
  "7": "t",
  "8": "o",
  "9": " ",
  "10": "c",
  "11": "r",
  "12": "e",
  "13": "a",
  "14": "t",
  "15": "e",
  "16": " ",
  "17": "g",
  "18": "u",
  "19": "e",
  "20": "s",
  "21": "t",
  "22": " ",
  "23": "u",
  "24": "s",
  "25": "e",
  "26": "r",
  "provider": "guest"
}
⨯ Error [CallbackRouteError]: Read more at https://errors.authjs.dev#callbackrouteerror
    at ignore-listed frames {
  type: 'CallbackRouteError',
  kind: 'error',
  [cause]: {
    '0': 'F',
    '1': 'a',
    '2': 'i',
    '3': 'l',
    '4': 'e',
    '5': 'd',
    '6': ' ',
    '7': 't',
    '8': 'o',
    '9': ' ',
    '10': 'c',
    '11': 'r',
    '12': 'e',
    '13': 'a',
    '14': 't',
    '15': 'e',
    '16': ' ',
    '17': 'g',
    '18': 'u',
    '19': 'e',
    '20': 's',
    '21': 't',
    '22': ' ',
    '23': 'u',
    '24': 's',
    '25': 'e',
    '26': 'r',
    err: Error: An error occurred while executing a database query.
        at createGuestUser (lib/db/queries.ts:70:11)
        at async Object.authorize (app/(auth)/auth.ts:76:29)
      68 |     });
      69 |   } catch (_error) {
    > 70 |     throw new ChatbotError(
         |           ^
      71 |       "bad_request:database",
      72 |       "Failed to create guest user"
      73 |     ); {
      type: 'bad_request',
      surface: 'database',
      statusCode: 400,
      [cause]: 'Failed to create guest user'
    },
    provider: 'guest'
  }
}
[31m[auth][error][0m CallbackRouteError: Read more at https://errors.authjs.dev#callbackrouteerror
[31m[auth][cause][0m: Error: An error occurred while executing a database query.
    at createGuestUser (/app/.next/dev/server/chunks/[root-of-the-server]__0vr43ku._.js:604:15)
    at process.processTicksAndRejections (node:internal/process/task_queues:103:5)
    at async Object.authorize (/app/.next/dev/server/chunks/[root-of-the-server]__0vr43ku._.js:969:37)
    at async Module.callback (/app/.next/dev/server/chunks/0i2c_@auth_core_0~nf75n._.js:4307:39)
    at async AuthInternal (/app/.next/dev/server/chunks/0i2c_@auth_core_0~nf75n._.js:5148:24)
    at async Auth (/app/.next/dev/server/chunks/0i2c_@auth_core_0~nf75n._.js:5370:34)
    at async signIn (/app/.next/dev/server/chunks/node_modules__pnpm_0g~88cx._.js:419:17)
    at async AppRouteRouteModule.do (/app/node_modules/.pnpm/next@16.2.3_@opentelemetry+api@1.9.0_@playwright+test@1.51.0_babel-plugin-react-compile_eeda05ee348846359248b80b7628248a/node_modules/next/dist/compiled/next-server/app-route-turbo.runtime.dev.js:5:40115)
    at async AppRouteRouteModule.handle (/app/node_modules/.pnpm/next@16.2.3_@opentelemetry+api@1.9.0_@playwright+test@1.51.0_babel-plugin-react-compile_eeda05ee348846359248b80b7628248a/node_modules/next/dist/compiled/next-server/app-route-turbo.runtime.dev.js:5:47321)
    at async responseGenerator (/app/.next/dev/server/chunks/0054_next_0pn8go4._.js:18297:38)
    at async AppRouteRouteModule.handleResponse (/app/node_modules/.pnpm/next@16.2.3_@opentelemetry+api@1.9.0_@playwright+test@1.51.0_babel-plugin-react-compile_eeda05ee348846359248b80b7628248a/node_modules/next/dist/compiled/next-server/app-route-turbo.runtime.dev.js:1:227216)
    at async handleResponse (/app/.next/dev/server/chunks/0054_next_0pn8go4._.js:18360:32)
    at async Module.handler (/app/.next/dev/server/chunks/0054_next_0pn8go4._.js:18411:13)
    at async DevServer.renderToResponseWithComponentsImpl (/app/node_modules/.pnpm/next@16.2.3_@opentelemetry+api@1.9.0_@playwright+test@1.51.0_babel-plugin-react-compile_eeda05ee348846359248b80b7628248a/node_modules/next/dist/server/base-server.js:1454:9)
    at async DevServer.renderPageComponent (/app/node_modules/.pnpm/next@16.2.3_@opentelemetry+api@1.9.0_@playwright+test@1.51.0_babel-plugin-react-compile_eeda05ee348846359248b80b7628248a/node_modules/next/dist/server/base-server.js:1506:24)
    at async DevServer.renderToResponseImpl (/app/node_modules/.pnpm/next@16.2.3_@opentelemetry+api@1.9.0_@playwright+test@1.51.0_babel-plugin-react-compile_eeda05ee348846359248b80b7628248a/node_modules/next/dist/server/base-server.js:1556:32)
    at async DevServer.pipeImpl (/app/node_modules/.pnpm/next@16.2.3_@opentelemetry+api@1.9.0_@playwright+test@1.51.0_babel-plugin-react-compile_eeda05ee348846359248b80b7628248a/node_modules/next/dist/server/base-server.js:1043:25)
    at async NextNodeServer.handleCatchallRenderRequest (/app/node_modules/.pnpm/next@16.2.3_@opentelemetry+api@1.9.0_@playwright+test@1.51.0_babel-plugin-react-compile_eeda05ee348846359248b80b7628248a/node_modules/next/dist/server/next-server.js:338:17)
    at async DevServer.handleRequestImpl (/app/node_modules/.pnpm/next@16.2.3_@opentelemetry+api@1.9.0_@playwright+test@1.51.0_babel-plugin-react-compile_eeda05ee348846359248b80b7628248a/node_modules/next/dist/server/base-server.js:934:17)
    at async /app/node_modules/.pnpm/next@16.2.3_@opentelemetry+api@1.9.0_@playwright+test@1.51.0_babel-plugin-react-compile_eeda05ee348846359248b80b7628248a/node_modules/next/dist/server/dev/next-dev-server.js:394:20
    at async Span.traceAsyncFn (/app/node_modules/.pnpm/next@16.2.3_@opentelemetry+api@1.9.0_@playwright+test@1.51.0_babel-plugin-react-compile_eeda05ee348846359248b80b7628248a/node_modules/next/dist/trace/trace.js:164:20)
    at async DevServer.handleRequest (/app/node_modules/.pnpm/next@16.2.3_@opentelemetry+api@1.9.0_@playwright+test@1.51.0_babel-plugin-react-compile_eeda05ee348846359248b80b7628248a/node_modules/next/dist/server/dev/next-dev-server.js:390:24)
    at async invokeRender (/app/node_modules/.pnpm/next@16.2.3_@opentelemetry+api@1.9.0_@playwright+test@1.51.0_babel-plugin-react-compile_eeda05ee348846359248b80b7628248a/node_modules/next/dist/server/lib/router-server.js:266:21)
    at async handleRequest (/app/node_modules/.pnpm/next@16.2.3_@opentelemetry+api@1.9.0_@playwright+test@1.51.0_babel-plugin-react-compile_eeda05ee348846359248b80b7628248a/node_modules/next/dist/server/lib/router-server.js:465:24)
    at async requestHandlerImpl (/app/node_modules/.pnpm/next@16.2.3_@opentelemetry+api@1.9.0_@playwright+test@1.51.0_babel-plugin-react-compile_eeda05ee348846359248b80b7628248a/node_modules/next/dist/server/lib/router-server.js:514:13)
    at async Server.requestListener (/app/node_modules/.pnpm/next@16.2.3_@opentelemetry+api@1.9.0_@playwright+test@1.51.0_babel-plugin-react-compile_eeda05ee348846359248b80b7628248a/node_modules/next/dist/server/lib/start-server.js:225:13)
[31m[auth][details][0m: {
  "0": "F",
  "1": "a",
  "2": "i",
  "3": "l",
  "4": "e",
  "5": "d",
  "6": " ",
  "7": "t",
  "8": "o",
  "9": " ",
  "10": "c",
  "11": "r",
  "12": "e",
  "13": "a",
  "14": "t",
  "15": "e",
  "16": " ",
  "17": "g",
  "18": "u",
  "19": "e",
  "20": "s",
  "21": "t",
  "22": " ",
  "23": "u",
  "24": "s",
  "25": "e",
  "26": "r",
  "provider": "guest"
}
⨯ Error [CallbackRouteError]: Read more at https://errors.authjs.dev#callbackrouteerror
    at ignore-listed frames {
  type: 'CallbackRouteError',
  kind: 'error',
  [cause]: {
    '0': 'F',
    '1': 'a',
    '2': 'i',
    '3': 'l',
    '4': 'e',
    '5': 'd',
    '6': ' ',
    '7': 't',
    '8': 'o',
    '9': ' ',
    '10': 'c',
    '11': 'r',
    '12': 'e',
    '13': 'a',
    '14': 't',
    '15': 'e',
    '16': ' ',
    '17': 'g',
    '18': 'u',
    '19': 'e',
    '20': 's',
    '21': 't',
    '22': ' ',
    '23': 'u',
    '24': 's',
    '25': 'e',
    '26': 'r',
    err: Error: An error occurred while executing a database query.
        at createGuestUser (lib/db/queries.ts:70:11)
        at async Object.authorize (app/(auth)/auth.ts:76:29)
      68 |     });
      69 |   } catch (_error) {
    > 70 |     throw new ChatbotError(
         |           ^
      71 |       "bad_request:database",
      72 |       "Failed to create guest user"
      73 |     ); {
      type: 'bad_request',
      surface: 'database',
      statusCode: 400,
      [cause]: 'Failed to create guest user'
    },
    provider: 'guest'
  }
}
[31m[auth][error][0m CallbackRouteError: Read more at https://errors.authjs.dev#callbackrouteerror
[31m[auth][cause][0m: Error: An error occurred while executing a database query.
    at createGuestUser (/app/.next/dev/server/chunks/[root-of-the-server]__0vr43ku._.js:604:15)
    at process.processTicksAndRejections (node:internal/process/task_queues:103:5)
    at async Object.authorize (/app/.next/dev/server/chunks/[root-of-the-server]__0vr43ku._.js:969:37)
    at async Module.callback (/app/.next/dev/server/chunks/0i2c_@auth_core_0~nf75n._.js:4307:39)
    at async AuthInternal (/app/.next/dev/server/chunks/0i2c_@auth_core_0~nf75n._.js:5148:24)
    at async Auth (/app/.next/dev/server/chunks/0i2c_@auth_core_0~nf75n._.js:5370:34)
    at async signIn (/app/.next/dev/server/chunks/node_modules__pnpm_0g~88cx._.js:419:17)
    at async AppRouteRouteModule.do (/app/node_modules/.pnpm/next@16.2.3_@opentelemetry+api@1.9.0_@playwright+test@1.51.0_babel-plugin-react-compile_eeda05ee348846359248b80b7628248a/node_modules/next/dist/compiled/next-server/app-route-turbo.runtime.dev.js:5:40115)
    at async AppRouteRouteModule.handle (/app/node_modules/.pnpm/next@16.2.3_@opentelemetry+api@1.9.0_@playwright+test@1.51.0_babel-plugin-react-compile_eeda05ee348846359248b80b7628248a/node_modules/next/dist/compiled/next-server/app-route-turbo.runtime.dev.js:5:47321)
    at async responseGenerator (/app/.next/dev/server/chunks/0054_next_0pn8go4._.js:18297:38)
    at async AppRouteRouteModule.handleResponse (/app/node_modules/.pnpm/next@16.2.3_@opentelemetry+api@1.9.0_@playwright+test@1.51.0_babel-plugin-react-compile_eeda05ee348846359248b80b7628248a/node_modules/next/dist/compiled/next-server/app-route-turbo.runtime.dev.js:1:227216)
    at async handleResponse (/app/.next/dev/server/chunks/0054_next_0pn8go4._.js:18360:32)
    at async Module.handler (/app/.next/dev/server/chunks/0054_next_0pn8go4._.js:18411:13)
    at async DevServer.renderToResponseWithComponentsImpl (/app/node_modules/.pnpm/next@16.2.3_@opentelemetry+api@1.9.0_@playwright+test@1.51.0_babel-plugin-react-compile_eeda05ee348846359248b80b7628248a/node_modules/next/dist/server/base-server.js:1454:9)
    at async DevServer.renderPageComponent (/app/node_modules/.pnpm/next@16.2.3_@opentelemetry+api@1.9.0_@playwright+test@1.51.0_babel-plugin-react-compile_eeda05ee348846359248b80b7628248a/node_modules/next/dist/server/base-server.js:1506:24)
    at async DevServer.renderToResponseImpl (/app/node_modules/.pnpm/next@16.2.3_@opentelemetry+api@1.9.0_@playwright+test@1.51.0_babel-plugin-react-compile_eeda05ee348846359248b80b7628248a/node_modules/next/dist/server/base-server.js:1556:32)
    at async DevServer.pipeImpl (/app/node_modules/.pnpm/next@16.2.3_@opentelemetry+api@1.9.0_@playwright+test@1.51.0_babel-plugin-react-compile_eeda05ee348846359248b80b7628248a/node_modules/next/dist/server/base-server.js:1043:25)
    at async NextNodeServer.handleCatchallRenderRequest (/app/node_modules/.pnpm/next@16.2.3_@opentelemetry+api@1.9.0_@playwright+test@1.51.0_babel-plugin-react-compile_eeda05ee348846359248b80b7628248a/node_modules/next/dist/server/next-server.js:338:17)
    at async DevServer.handleRequestImpl (/app/node_modules/.pnpm/next@16.2.3_@opentelemetry+api@1.9.0_@playwright+test@1.51.0_babel-plugin-react-compile_eeda05ee348846359248b80b7628248a/node_modules/next/dist/server/base-server.js:934:17)
    at async /app/node_modules/.pnpm/next@16.2.3_@opentelemetry+api@1.9.0_@playwright+test@1.51.0_babel-plugin-react-compile_eeda05ee348846359248b80b7628248a/node_modules/next/dist/server/dev/next-dev-server.js:394:20
    at async Span.traceAsyncFn (/app/node_modules/.pnpm/next@16.2.3_@opentelemetry+api@1.9.0_@playwright+test@1.51.0_babel-plugin-react-compile_eeda05ee348846359248b80b7628248a/node_modules/next/dist/trace/trace.js:164:20)
    at async DevServer.handleRequest (/app/node_modules/.pnpm/next@16.2.3_@opentelemetry+api@1.9.0_@playwright+test@1.51.0_babel-plugin-react-compile_eeda05ee348846359248b80b7628248a/node_modules/next/dist/server/dev/next-dev-server.js:390:24)
    at async invokeRender (/app/node_modules/.pnpm/next@16.2.3_@opentelemetry+api@1.9.0_@playwright+test@1.51.0_babel-plugin-react-compile_eeda05ee348846359248b80b7628248a/node_modules/next/dist/server/lib/router-server.js:266:21)
    at async handleRequest (/app/node_modules/.pnpm/next@16.2.3_@opentelemetry+api@1.9.0_@playwright+test@1.51.0_babel-plugin-react-compile_eeda05ee348846359248b80b7628248a/node_modules/next/dist/server/lib/router-server.js:465:24)
    at async requestHandlerImpl (/app/node_modules/.pnpm/next@16.2.3_@opentelemetry+api@1.9.0_@playwright+test@1.51.0_babel-plugin-react-compile_eeda05ee348846359248b80b7628248a/node_modules/next/dist/server/lib/router-server.js:514:13)
    at async Server.requestListener (/app/node_modules/.pnpm/next@16.2.3_@opentelemetry+api@1.9.0_@playwright+test@1.51.0_babel-plugin-react-compile_eeda05ee348846359248b80b7628248a/node_modules/next/dist/server/lib/start-server.js:225:13)
[31m[auth][details][0m: {
  "0": "F",
  "1": "a",
  "2": "i",
  "3": "l",
  "4": "e",
  "5": "d",
  "6": " ",
  "7": "t",
  "8": "o",
  "9": " ",
  "10": "c",
  "11": "r",
  "12": "e",
  "13": "a",
  "14": "t",
  "15": "e",
  "16": " ",
  "17": "g",
  "18": "u",
  "19": "e",
  "20": "s",
  "21": "t",
  "22": " ",
  "23": "u",
  "24": "s",
  "25": "e",
  "26": "r",
  "provider": "guest"
}
⨯ Error [CallbackRouteError]: Read more at https://errors.authjs.dev#callbackrouteerror
    at ignore-listed frames {
  type: 'CallbackRouteError',
  kind: 'error',
  [cause]: {
    '0': 'F',
    '1': 'a',
    '2': 'i',
    '3': 'l',
    '4': 'e',
    '5': 'd',
    '6': ' ',
    '7': 't',
    '8': 'o',
    '9': ' ',
    '10': 'c',
    '11': 'r',
    '12': 'e',
    '13': 'a',
    '14': 't',
    '15': 'e',
    '16': ' ',
    '17': 'g',
    '18': 'u',
    '19': 'e',
    '20': 's',
    '21': 't',
    '22': ' ',
    '23': 'u',
    '24': 's',
    '25': 'e',
    '26': 'r',
    err: Error: An error occurred while executing a database query.
        at createGuestUser (lib/db/queries.ts:70:11)
        at async Object.authorize (app/(auth)/auth.ts:76:29)
      68 |     });
      69 |   } catch (_error) {
    > 70 |     throw new ChatbotError(
         |           ^
      71 |       "bad_request:database",
      72 |       "Failed to create guest user"
      73 |     ); {
      type: 'bad_request',
      surface: 'database',
      statusCode: 400,
      [cause]: 'Failed to create guest user'
    },
    provider: 'guest'
  }
}
